<?xml version="1.0" encoding="UTF-8"?>
<testsuite xmlns:xsi="http://www.w3.org/2001/XMLSchema-instance" xsi:noNamespaceSchemaLocation="https://maven.apache.org/surefire/maven-surefire-plugin/xsd/surefire-test-report-3.0.xsd" version="3.0" name="Authentication login" time="13.493" tests="6" errors="0" skipped="0" failures="3">
  <properties>
    <property name="gopherProxySet" value="false"/>
    <property name="awt.toolkit" value="sun.lwawt.macosx.LWCToolkit"/>
    <property name="java.specification.version" value="11"/>
    <property name="webdriver.chrome.driver" value="/Users/Yusuf.Celik/.m2/repository/webdriver/chromedriver/mac64/91.0.4472.101/chromedriver"/>
    <property name="sun.cpu.isalist" value=""/>
    <property name="sun.jnu.encoding" value="UTF-8"/>
    <property name="java.class.path" value="/Users/Yusuf.Celik/IdeaProjects/DemoJenkin/target/test-classes:/Users/Yusuf.Celik/IdeaProjects/DemoJenkin/target/classes:/Users/Yusuf.Celik/.m2/repository/org/seleniumhq/selenium/selenium-java/3.141.59/selenium-java-3.141.59.jar:/Users/Yusuf.Celik/.m2/repository/org/seleniumhq/selenium/selenium-api/3.141.59/selenium-api-3.141.59.jar:/Users/Yusuf.Celik/.m2/repository/org/seleniumhq/selenium/selenium-chrome-driver/3.141.59/selenium-chrome-driver-3.141.59.jar:/Users/Yusuf.Celik/.m2/repository/org/seleniumhq/selenium/selenium-edge-driver/3.141.59/selenium-edge-driver-3.141.59.jar:/Users/Yusuf.Celik/.m2/repository/org/seleniumhq/selenium/selenium-firefox-driver/3.141.59/selenium-firefox-driver-3.141.59.jar:/Users/Yusuf.Celik/.m2/repository/org/seleniumhq/selenium/selenium-ie-driver/3.141.59/selenium-ie-driver-3.141.59.jar:/Users/Yusuf.Celik/.m2/repository/org/seleniumhq/selenium/selenium-opera-driver/3.141.59/selenium-opera-driver-3.141.59.jar:/Users/Yusuf.Celik/.m2/repository/org/seleniumhq/selenium/selenium-remote-driver/3.141.59/selenium-remote-driver-3.141.59.jar:/Users/Yusuf.Celik/.m2/repository/org/seleniumhq/selenium/selenium-safari-driver/3.141.59/selenium-safari-driver-3.141.59.jar:/Users/Yusuf.Celik/.m2/repository/org/seleniumhq/selenium/selenium-support/3.141.59/selenium-support-3.141.59.jar:/Users/Yusuf.Celik/.m2/repository/net/bytebuddy/byte-buddy/1.8.15/byte-buddy-1.8.15.jar:/Users/Yusuf.Celik/.m2/repository/org/apache/commons/commons-exec/1.3/commons-exec-1.3.jar:/Users/Yusuf.Celik/.m2/repository/com/google/guava/guava/25.0-jre/guava-25.0-jre.jar:/Users/Yusuf.Celik/.m2/repository/com/google/code/findbugs/jsr305/1.3.9/jsr305-1.3.9.jar:/Users/Yusuf.Celik/.m2/repository/org/checkerframework/checker-compat-qual/2.0.0/checker-compat-qual-2.0.0.jar:/Users/Yusuf.Celik/.m2/repository/com/google/errorprone/error_prone_annotations/2.1.3/error_prone_annotations-2.1.3.jar:/Users/Yusuf.Celik/.m2/repository/com/google/j2objc/j2objc-annotations/1.1/j2objc-annotations-1.1.jar:/Users/Yusuf.Celik/.m2/repository/org/codehaus/mojo/animal-sniffer-annotations/1.14/animal-sniffer-annotations-1.14.jar:/Users/Yusuf.Celik/.m2/repository/com/squareup/okhttp3/okhttp/3.11.0/okhttp-3.11.0.jar:/Users/Yusuf.Celik/.m2/repository/com/squareup/okio/okio/1.14.0/okio-1.14.0.jar:/Users/Yusuf.Celik/.m2/repository/io/appium/java-client/7.3.0/java-client-7.3.0.jar:/Users/Yusuf.Celik/.m2/repository/com/google/code/gson/gson/2.8.5/gson-2.8.5.jar:/Users/Yusuf.Celik/.m2/repository/org/apache/httpcomponents/httpclient/4.5.9/httpclient-4.5.9.jar:/Users/Yusuf.Celik/.m2/repository/org/apache/httpcomponents/httpcore/4.4.11/httpcore-4.4.11.jar:/Users/Yusuf.Celik/.m2/repository/commons-logging/commons-logging/1.2/commons-logging-1.2.jar:/Users/Yusuf.Celik/.m2/repository/commons-codec/commons-codec/1.11/commons-codec-1.11.jar:/Users/Yusuf.Celik/.m2/repository/cglib/cglib/3.2.12/cglib-3.2.12.jar:/Users/Yusuf.Celik/.m2/repository/org/ow2/asm/asm/7.1/asm-7.1.jar:/Users/Yusuf.Celik/.m2/repository/commons-validator/commons-validator/1.6/commons-validator-1.6.jar:/Users/Yusuf.Celik/.m2/repository/commons-beanutils/commons-beanutils/1.9.2/commons-beanutils-1.9.2.jar:/Users/Yusuf.Celik/.m2/repository/commons-digester/commons-digester/1.8.1/commons-digester-1.8.1.jar:/Users/Yusuf.Celik/.m2/repository/commons-collections/commons-collections/3.2.2/commons-collections-3.2.2.jar:/Users/Yusuf.Celik/.m2/repository/org/apache/commons/commons-lang3/3.9/commons-lang3-3.9.jar:/Users/Yusuf.Celik/.m2/repository/commons-io/commons-io/2.6/commons-io-2.6.jar:/Users/Yusuf.Celik/.m2/repository/org/springframework/spring-context/5.1.8.RELEASE/spring-context-5.1.8.RELEASE.jar:/Users/Yusuf.Celik/.m2/repository/org/springframework/spring-aop/5.1.8.RELEASE/spring-aop-5.1.8.RELEASE.jar:/Users/Yusuf.Celik/.m2/repository/org/springframework/spring-beans/5.1.8.RELEASE/spring-beans-5.1.8.RELEASE.jar:/Users/Yusuf.Celik/.m2/repository/org/springframework/spring-core/5.1.8.RELEASE/spring-core-5.1.8.RELEASE.jar:/Users/Yusuf.Celik/.m2/repository/org/springframework/spring-jcl/5.1.8.RELEASE/spring-jcl-5.1.8.RELEASE.jar:/Users/Yusuf.Celik/.m2/repository/org/springframework/spring-expression/5.1.8.RELEASE/spring-expression-5.1.8.RELEASE.jar:/Users/Yusuf.Celik/.m2/repository/org/aspectj/aspectjweaver/1.9.4/aspectjweaver-1.9.4.jar:/Users/Yusuf.Celik/.m2/repository/org/slf4j/slf4j-api/1.7.26/slf4j-api-1.7.26.jar:/Users/Yusuf.Celik/.m2/repository/io/github/bonigarcia/webdrivermanager/4.1.0/webdrivermanager-4.1.0.jar:/Users/Yusuf.Celik/.m2/repository/org/apache/httpcomponents/client5/httpclient5/5.0.1/httpclient5-5.0.1.jar:/Users/Yusuf.Celik/.m2/repository/org/apache/httpcomponents/core5/httpcore5/5.0.1/httpcore5-5.0.1.jar:/Users/Yusuf.Celik/.m2/repository/org/apache/httpcomponents/core5/httpcore5-h2/5.0.1/httpcore5-h2-5.0.1.jar:/Users/Yusuf.Celik/.m2/repository/org/rauschig/jarchivelib/1.0.0/jarchivelib-1.0.0.jar:/Users/Yusuf.Celik/.m2/repository/org/apache/commons/commons-compress/1.18/commons-compress-1.18.jar:/Users/Yusuf.Celik/.m2/repository/org/jsoup/jsoup/1.13.1/jsoup-1.13.1.jar:/Users/Yusuf.Celik/.m2/repository/io/cucumber/cucumber-java/5.7.0/cucumber-java-5.7.0.jar:/Users/Yusuf.Celik/.m2/repository/io/cucumber/cucumber-core/5.7.0/cucumber-core-5.7.0.jar:/Users/Yusuf.Celik/.m2/repository/io/cucumber/cucumber-gherkin/5.7.0/cucumber-gherkin-5.7.0.jar:/Users/Yusuf.Celik/.m2/repository/io/cucumber/cucumber-gherkin-vintage/5.7.0/cucumber-gherkin-vintage-5.7.0.jar:/Users/Yusuf.Celik/.m2/repository/io/cucumber/tag-expressions/2.0.4/tag-expressions-2.0.4.jar:/Users/Yusuf.Celik/.m2/repository/io/cucumber/cucumber-expressions/8.3.1/cucumber-expressions-8.3.1.jar:/Users/Yusuf.Celik/.m2/repository/io/cucumber/datatable/3.3.1/datatable-3.3.1.jar:/Users/Yusuf.Celik/.m2/repository/io/cucumber/cucumber-plugin/5.7.0/cucumber-plugin-5.7.0.jar:/Users/Yusuf.Celik/.m2/repository/io/cucumber/docstring/5.7.0/docstring-5.7.0.jar:/Users/Yusuf.Celik/.m2/repository/org/apiguardian/apiguardian-api/1.1.0/apiguardian-api-1.1.0.jar:/Users/Yusuf.Celik/.m2/repository/io/cucumber/cucumber-junit/5.7.0/cucumber-junit-5.7.0.jar:/Users/Yusuf.Celik/.m2/repository/junit/junit/4.13/junit-4.13.jar:/Users/Yusuf.Celik/.m2/repository/org/hamcrest/hamcrest-core/1.3/hamcrest-core-1.3.jar:"/>
    <property name="java.vm.vendor" value="Oracle Corporation"/>
    <property name="sun.arch.data.model" value="64"/>
    <property name="java.vendor.url" value="https://openjdk.java.net/"/>
    <property name="user.timezone" value="Europe/London"/>
    <property name="java.vm.specification.version" value="11"/>
    <property name="os.name" value="Mac OS X"/>
    <property name="sun.java.launcher" value="SUN_STANDARD"/>
    <property name="user.country" value="GB"/>
    <property name="sun.boot.library.path" value="/Library/Java/JavaVirtualMachines/jdk-11.0.11.jdk/Contents/Home/lib"/>
    <property name="sun.java.command" value="/Users/Yusuf.Celik/IdeaProjects/DemoJenkin/target/surefire/surefirebooter11022306261918390036.jar /Users/Yusuf.Celik/IdeaProjects/DemoJenkin/target/surefire 2021-07-07T10-51-11_080-jvmRun1 surefire2320614493471998691tmp surefire_012348240448324997057tmp"/>
    <property name="http.nonProxyHosts" value="local|*.local|169.254/16|*.169.254/16"/>
    <property name="jdk.debug" value="release"/>
    <property name="surefire.test.class.path" value="/Users/Yusuf.Celik/IdeaProjects/DemoJenkin/target/test-classes:/Users/Yusuf.Celik/IdeaProjects/DemoJenkin/target/classes:/Users/Yusuf.Celik/.m2/repository/org/seleniumhq/selenium/selenium-java/3.141.59/selenium-java-3.141.59.jar:/Users/Yusuf.Celik/.m2/repository/org/seleniumhq/selenium/selenium-api/3.141.59/selenium-api-3.141.59.jar:/Users/Yusuf.Celik/.m2/repository/org/seleniumhq/selenium/selenium-chrome-driver/3.141.59/selenium-chrome-driver-3.141.59.jar:/Users/Yusuf.Celik/.m2/repository/org/seleniumhq/selenium/selenium-edge-driver/3.141.59/selenium-edge-driver-3.141.59.jar:/Users/Yusuf.Celik/.m2/repository/org/seleniumhq/selenium/selenium-firefox-driver/3.141.59/selenium-firefox-driver-3.141.59.jar:/Users/Yusuf.Celik/.m2/repository/org/seleniumhq/selenium/selenium-ie-driver/3.141.59/selenium-ie-driver-3.141.59.jar:/Users/Yusuf.Celik/.m2/repository/org/seleniumhq/selenium/selenium-opera-driver/3.141.59/selenium-opera-driver-3.141.59.jar:/Users/Yusuf.Celik/.m2/repository/org/seleniumhq/selenium/selenium-remote-driver/3.141.59/selenium-remote-driver-3.141.59.jar:/Users/Yusuf.Celik/.m2/repository/org/seleniumhq/selenium/selenium-safari-driver/3.141.59/selenium-safari-driver-3.141.59.jar:/Users/Yusuf.Celik/.m2/repository/org/seleniumhq/selenium/selenium-support/3.141.59/selenium-support-3.141.59.jar:/Users/Yusuf.Celik/.m2/repository/net/bytebuddy/byte-buddy/1.8.15/byte-buddy-1.8.15.jar:/Users/Yusuf.Celik/.m2/repository/org/apache/commons/commons-exec/1.3/commons-exec-1.3.jar:/Users/Yusuf.Celik/.m2/repository/com/google/guava/guava/25.0-jre/guava-25.0-jre.jar:/Users/Yusuf.Celik/.m2/repository/com/google/code/findbugs/jsr305/1.3.9/jsr305-1.3.9.jar:/Users/Yusuf.Celik/.m2/repository/org/checkerframework/checker-compat-qual/2.0.0/checker-compat-qual-2.0.0.jar:/Users/Yusuf.Celik/.m2/repository/com/google/errorprone/error_prone_annotations/2.1.3/error_prone_annotations-2.1.3.jar:/Users/Yusuf.Celik/.m2/repository/com/google/j2objc/j2objc-annotations/1.1/j2objc-annotations-1.1.jar:/Users/Yusuf.Celik/.m2/repository/org/codehaus/mojo/animal-sniffer-annotations/1.14/animal-sniffer-annotations-1.14.jar:/Users/Yusuf.Celik/.m2/repository/com/squareup/okhttp3/okhttp/3.11.0/okhttp-3.11.0.jar:/Users/Yusuf.Celik/.m2/repository/com/squareup/okio/okio/1.14.0/okio-1.14.0.jar:/Users/Yusuf.Celik/.m2/repository/io/appium/java-client/7.3.0/java-client-7.3.0.jar:/Users/Yusuf.Celik/.m2/repository/com/google/code/gson/gson/2.8.5/gson-2.8.5.jar:/Users/Yusuf.Celik/.m2/repository/org/apache/httpcomponents/httpclient/4.5.9/httpclient-4.5.9.jar:/Users/Yusuf.Celik/.m2/repository/org/apache/httpcomponents/httpcore/4.4.11/httpcore-4.4.11.jar:/Users/Yusuf.Celik/.m2/repository/commons-logging/commons-logging/1.2/commons-logging-1.2.jar:/Users/Yusuf.Celik/.m2/repository/commons-codec/commons-codec/1.11/commons-codec-1.11.jar:/Users/Yusuf.Celik/.m2/repository/cglib/cglib/3.2.12/cglib-3.2.12.jar:/Users/Yusuf.Celik/.m2/repository/org/ow2/asm/asm/7.1/asm-7.1.jar:/Users/Yusuf.Celik/.m2/repository/commons-validator/commons-validator/1.6/commons-validator-1.6.jar:/Users/Yusuf.Celik/.m2/repository/commons-beanutils/commons-beanutils/1.9.2/commons-beanutils-1.9.2.jar:/Users/Yusuf.Celik/.m2/repository/commons-digester/commons-digester/1.8.1/commons-digester-1.8.1.jar:/Users/Yusuf.Celik/.m2/repository/commons-collections/commons-collections/3.2.2/commons-collections-3.2.2.jar:/Users/Yusuf.Celik/.m2/repository/org/apache/commons/commons-lang3/3.9/commons-lang3-3.9.jar:/Users/Yusuf.Celik/.m2/repository/commons-io/commons-io/2.6/commons-io-2.6.jar:/Users/Yusuf.Celik/.m2/repository/org/springframework/spring-context/5.1.8.RELEASE/spring-context-5.1.8.RELEASE.jar:/Users/Yusuf.Celik/.m2/repository/org/springframework/spring-aop/5.1.8.RELEASE/spring-aop-5.1.8.RELEASE.jar:/Users/Yusuf.Celik/.m2/repository/org/springframework/spring-beans/5.1.8.RELEASE/spring-beans-5.1.8.RELEASE.jar:/Users/Yusuf.Celik/.m2/repository/org/springframework/spring-core/5.1.8.RELEASE/spring-core-5.1.8.RELEASE.jar:/Users/Yusuf.Celik/.m2/repository/org/springframework/spring-jcl/5.1.8.RELEASE/spring-jcl-5.1.8.RELEASE.jar:/Users/Yusuf.Celik/.m2/repository/org/springframework/spring-expression/5.1.8.RELEASE/spring-expression-5.1.8.RELEASE.jar:/Users/Yusuf.Celik/.m2/repository/org/aspectj/aspectjweaver/1.9.4/aspectjweaver-1.9.4.jar:/Users/Yusuf.Celik/.m2/repository/org/slf4j/slf4j-api/1.7.26/slf4j-api-1.7.26.jar:/Users/Yusuf.Celik/.m2/repository/io/github/bonigarcia/webdrivermanager/4.1.0/webdrivermanager-4.1.0.jar:/Users/Yusuf.Celik/.m2/repository/org/apache/httpcomponents/client5/httpclient5/5.0.1/httpclient5-5.0.1.jar:/Users/Yusuf.Celik/.m2/repository/org/apache/httpcomponents/core5/httpcore5/5.0.1/httpcore5-5.0.1.jar:/Users/Yusuf.Celik/.m2/repository/org/apache/httpcomponents/core5/httpcore5-h2/5.0.1/httpcore5-h2-5.0.1.jar:/Users/Yusuf.Celik/.m2/repository/org/rauschig/jarchivelib/1.0.0/jarchivelib-1.0.0.jar:/Users/Yusuf.Celik/.m2/repository/org/apache/commons/commons-compress/1.18/commons-compress-1.18.jar:/Users/Yusuf.Celik/.m2/repository/org/jsoup/jsoup/1.13.1/jsoup-1.13.1.jar:/Users/Yusuf.Celik/.m2/repository/io/cucumber/cucumber-java/5.7.0/cucumber-java-5.7.0.jar:/Users/Yusuf.Celik/.m2/repository/io/cucumber/cucumber-core/5.7.0/cucumber-core-5.7.0.jar:/Users/Yusuf.Celik/.m2/repository/io/cucumber/cucumber-gherkin/5.7.0/cucumber-gherkin-5.7.0.jar:/Users/Yusuf.Celik/.m2/repository/io/cucumber/cucumber-gherkin-vintage/5.7.0/cucumber-gherkin-vintage-5.7.0.jar:/Users/Yusuf.Celik/.m2/repository/io/cucumber/tag-expressions/2.0.4/tag-expressions-2.0.4.jar:/Users/Yusuf.Celik/.m2/repository/io/cucumber/cucumber-expressions/8.3.1/cucumber-expressions-8.3.1.jar:/Users/Yusuf.Celik/.m2/repository/io/cucumber/datatable/3.3.1/datatable-3.3.1.jar:/Users/Yusuf.Celik/.m2/repository/io/cucumber/cucumber-plugin/5.7.0/cucumber-plugin-5.7.0.jar:/Users/Yusuf.Celik/.m2/repository/io/cucumber/docstring/5.7.0/docstring-5.7.0.jar:/Users/Yusuf.Celik/.m2/repository/org/apiguardian/apiguardian-api/1.1.0/apiguardian-api-1.1.0.jar:/Users/Yusuf.Celik/.m2/repository/io/cucumber/cucumber-junit/5.7.0/cucumber-junit-5.7.0.jar:/Users/Yusuf.Celik/.m2/repository/junit/junit/4.13/junit-4.13.jar:/Users/Yusuf.Celik/.m2/repository/org/hamcrest/hamcrest-core/1.3/hamcrest-core-1.3.jar:"/>
    <property name="sun.cpu.endian" value="little"/>
    <property name="user.home" value="/Users/Yusuf.Celik"/>
    <property name="user.language" value="en"/>
    <property name="java.specification.vendor" value="Oracle Corporation"/>
    <property name="java.version.date" value="2021-04-20"/>
    <property name="java.home" value="/Library/Java/JavaVirtualMachines/jdk-11.0.11.jdk/Contents/Home"/>
    <property name="file.separator" value="/"/>
    <property name="basedir" value="/Users/Yusuf.Celik/IdeaProjects/DemoJenkin"/>
    <property name="java.vm.compressedOopsMode" value="Zero based"/>
    <property name="line.separator" value="&#10;"/>
    <property name="java.specification.name" value="Java Platform API Specification"/>
    <property name="java.vm.specification.vendor" value="Oracle Corporation"/>
    <property name="java.awt.graphicsenv" value="sun.awt.CGraphicsEnvironment"/>
    <property name="surefire.real.class.path" value="/Users/Yusuf.Celik/IdeaProjects/DemoJenkin/target/surefire/surefirebooter11022306261918390036.jar"/>
    <property name="sun.management.compiler" value="HotSpot 64-Bit Tiered Compilers"/>
    <property name="ftp.nonProxyHosts" value="local|*.local|169.254/16|*.169.254/16"/>
    <property name="java.runtime.version" value="11.0.11+9-LTS-194"/>
    <property name="user.name" value="Yusuf.Celik"/>
    <property name="path.separator" value=":"/>
    <property name="os.version" value="10.16"/>
    <property name="java.runtime.name" value="Java(TM) SE Runtime Environment"/>
    <property name="file.encoding" value="UTF-8"/>
    <property name="java.vm.name" value="Java HotSpot(TM) 64-Bit Server VM"/>
    <property name="java.vendor.version" value="18.9"/>
    <property name="localRepository" value="/Users/Yusuf.Celik/.m2/repository"/>
    <property name="java.vendor.url.bug" value="https://bugreport.java.com/bugreport/"/>
    <property name="java.io.tmpdir" value="/var/folders/5h/nd0vg2712qs34rcb6f675cmr0000gp/T/"/>
    <property name="java.version" value="11.0.11"/>
    <property name="user.dir" value="/Users/Yusuf.Celik/IdeaProjects/DemoJenkin"/>
    <property name="os.arch" value="x86_64"/>
    <property name="java.vm.specification.name" value="Java Virtual Machine Specification"/>
    <property name="java.awt.printerjob" value="sun.lwawt.macosx.CPrinterJob"/>
    <property name="sun.os.patch.level" value="unknown"/>
    <property name="java.library.path" value="/Users/Yusuf.Celik/Library/Java/Extensions:/Library/Java/Extensions:/Network/Library/Java/Extensions:/System/Library/Java/Extensions:/usr/lib/java:."/>
    <property name="java.vendor" value="Oracle Corporation"/>
    <property name="java.vm.info" value="mixed mode"/>
    <property name="java.vm.version" value="11.0.11+9-LTS-194"/>
    <property name="sun.io.unicode.encoding" value="UnicodeBig"/>
    <property name="java.class.version" value="55.0"/>
    <property name="socksNonProxyHosts" value="local|*.local|169.254/16|*.169.254/16"/>
  </properties>
  <testcase name="M3-4392_Verify Login failure scenario" classname="Authentication login" time="6.286">
    <system-out><![CDATA[

&amp#27;[31mFailed scenarios:&amp#27;[0m


&amp#27;[31mfile:///Users/Yusuf.Celik/IdeaProjects/DemoJenkin/src/test/resources/features/Login.feature:26&amp#27;[0m
# Succesful Login


&amp#27;[31mfile:///Users/Yusuf.Celik/IdeaProjects/DemoJenkin/src/test/resources/features/LoginParallelDemo2.feature:26&amp#27;[0m
# Succesful Login


&amp#27;[31mfile:///Users/Yusuf.Celik/IdeaProjects/DemoJenkin/src/test/resources/features/LoginParallelDemo.feature:26&amp#27;[0m
# Succesful Login




6
 Scenarios (
&amp#27;[31m3 failed&amp#27;[0m
, 
&amp#27;[32m3 passed&amp#27;[0m
)


39
 Steps (
&amp#27;[31m3 failed&amp#27;[0m
, 
&amp#27;[32m36 passed&amp#27;[0m
)


0m
13.497s






org.junit.ComparisonFailure: !! NOTE: Title was expected to be Dashboard, but found expected:<[Dashboard]> but was:<[]>


	at org.junit.Assert.assertEquals(Assert.java:117)


	at com.app.stepdefinitions.LoginStepDefs.verifyPageTitleAs(LoginStepDefs.java:48)


	at ✽.Verify page title as "Dashboard"(file:///Users/Yusuf.Celik/IdeaProjects/DemoJenkin/src/test/resources/features/Login.feature:23)




org.junit.ComparisonFailure: !! NOTE: Title was expected to be Dashboard, but found expected:<[Dashboard]> but was:<[]>


	at org.junit.Assert.assertEquals(Assert.java:117)


	at com.app.stepdefinitions.LoginStepDefs.verifyPageTitleAs(LoginStepDefs.java:48)


	at ✽.Verify page title as "Dashboard"(file:///Users/Yusuf.Celik/IdeaProjects/DemoJenkin/src/test/resources/features/LoginParallelDemo2.feature:23)




org.junit.ComparisonFailure: !! NOTE: Title was expected to be Dashboard, but found expected:<[Dashboard]> but was:<[]>


	at org.junit.Assert.assertEquals(Assert.java:117)


	at com.app.stepdefinitions.LoginStepDefs.verifyPageTitleAs(LoginStepDefs.java:48)


	at ✽.Verify page title as "Dashboard"(file:///Users/Yusuf.Celik/IdeaProjects/DemoJenkin/src/test/resources/features/LoginParallelDemo.feature:23)






]]></system-out>
    <system-err><![CDATA[SLF4J: Failed to load class "org.slf4j.impl.StaticLoggerBinder".
SLF4J: Defaulting to no-operation (NOP) logger implementation
SLF4J: See http://www.slf4j.org/codes.html#StaticLoggerBinder for further details.
Starting ChromeDriver 91.0.4472.101 (af52a90bf87030dd1523486a1cd3ae25c5d76c9b-refs/branch-heads/4472@{#1462}) on port 22105
Only local connections are allowed.
Please see https://chromedriver.chromium.org/security-considerations for suggestions on keeping ChromeDriver safe.
ChromeDriver was started successfully.
Jul 07, 2021 10:51:15 AM org.openqa.selenium.remote.ProtocolHandshake createSession
INFO: Detected dialect: W3C
]]></system-err>
  </testcase>
  <testcase name="M3-4392_Verify Login failure scenario" classname="Authentication login" time="8.9">
    <system-err><![CDATA[Starting ChromeDriver 91.0.4472.101 (af52a90bf87030dd1523486a1cd3ae25c5d76c9b-refs/branch-heads/4472@{#1462}) on port 20778
Only local connections are allowed.
Please see https://chromedriver.chromium.org/security-considerations for suggestions on keeping ChromeDriver safe.
ChromeDriver was started successfully.
Jul 07, 2021 10:51:15 AM org.openqa.selenium.remote.ProtocolHandshake createSession
INFO: Detected dialect: W3C
]]></system-err>
  </testcase>
  <testcase name="M3-4392_Verify Login failure scenario" classname="Authentication login" time="8.145">
    <system-err><![CDATA[Starting ChromeDriver 91.0.4472.101 (af52a90bf87030dd1523486a1cd3ae25c5d76c9b-refs/branch-heads/4472@{#1462}) on port 15094
Only local connections are allowed.
Please see https://chromedriver.chromium.org/security-considerations for suggestions on keeping ChromeDriver safe.
ChromeDriver was started successfully.
Jul 07, 2021 10:51:15 AM org.openqa.selenium.remote.ProtocolHandshake createSession
INFO: Detected dialect: W3C
]]></system-err>
  </testcase>
  <testcase name="Succesful Login" classname="Authentication login" time="5.373">
    <failure message="!! NOTE: Title was expected to be Dashboard, but found expected:&lt;[Dashboard]&gt; but was:&lt;[]&gt;" type="org.junit.ComparisonFailure"><![CDATA[org.junit.ComparisonFailure: !! NOTE: Title was expected to be Dashboard, but found expected:<[Dashboard]> but was:<[]>
]]></failure>
    <system-err><![CDATA[Starting ChromeDriver 91.0.4472.101 (af52a90bf87030dd1523486a1cd3ae25c5d76c9b-refs/branch-heads/4472@{#1462}) on port 2998
Only local connections are allowed.
Please see https://chromedriver.chromium.org/security-considerations for suggestions on keeping ChromeDriver safe.
ChromeDriver was started successfully.
Jul 07, 2021 10:51:19 AM org.openqa.selenium.remote.ProtocolHandshake createSession
INFO: Detected dialect: W3C
]]></system-err>
  </testcase>
  <testcase name="Succesful Login" classname="Authentication login" time="4.816">
    <failure message="!! NOTE: Title was expected to be Dashboard, but found expected:&lt;[Dashboard]&gt; but was:&lt;[]&gt;" type="org.junit.ComparisonFailure"><![CDATA[org.junit.ComparisonFailure: !! NOTE: Title was expected to be Dashboard, but found expected:<[Dashboard]> but was:<[]>
]]></failure>
    <system-err><![CDATA[Starting ChromeDriver 91.0.4472.101 (af52a90bf87030dd1523486a1cd3ae25c5d76c9b-refs/branch-heads/4472@{#1462}) on port 44603
Only local connections are allowed.
Please see https://chromedriver.chromium.org/security-considerations for suggestions on keeping ChromeDriver safe.
ChromeDriver was started successfully.
Jul 07, 2021 10:51:21 AM org.openqa.selenium.remote.ProtocolHandshake createSession
INFO: Detected dialect: W3C
]]></system-err>
  </testcase>
  <testcase name="Succesful Login" classname="Authentication login" time="4.592">
    <failure message="!! NOTE: Title was expected to be Dashboard, but found expected:&lt;[Dashboard]&gt; but was:&lt;[]&gt;" type="org.junit.ComparisonFailure"><![CDATA[org.junit.ComparisonFailure: !! NOTE: Title was expected to be Dashboard, but found expected:<[Dashboard]> but was:<[]>
]]></failure>
    <system-err><![CDATA[Starting ChromeDriver 91.0.4472.101 (af52a90bf87030dd1523486a1cd3ae25c5d76c9b-refs/branch-heads/4472@{#1462}) on port 29458
Only local connections are allowed.
Please see https://chromedriver.chromium.org/security-considerations for suggestions on keeping ChromeDriver safe.
ChromeDriver was started successfully.
Jul 07, 2021 10:51:22 AM org.openqa.selenium.remote.ProtocolHandshake createSession
INFO: Detected dialect: W3C
]]></system-err>
  </testcase>
</testsuite>